2025-08-21 11:44:52,523 - INFO - 資料庫 db/nb_spec_0250821v1.db 建立成功
2025-08-21 11:44:52,524 - INFO - 找到 19 個CSV檔案
2025-08-21 11:44:52,524 - INFO - 處理進度: 1/19 - AC01_result.csv
2025-08-21 11:44:52,524 - INFO - 開始處理檔案: AC01_result.csv
2025-08-21 11:44:52,527 - INFO - 檔案 AC01_result.csv 處理完成: 總計 1 行, 匯入 1 行, 跳過 0 行, 錯誤 0 行
2025-08-21 11:44:52,527 - INFO - 整體進度: 5.3%
2025-08-21 11:44:52,527 - INFO - 處理進度: 2/19 - data_17.csv
2025-08-21 11:44:52,527 - INFO - 開始處理檔案: data_17.csv
2025-08-21 11:44:52,529 - INFO - 檔案 data_17.csv 處理完成: 總計 1 行, 匯入 1 行, 跳過 0 行, 錯誤 0 行
2025-08-21 11:44:52,529 - INFO - 整體進度: 10.5%
2025-08-21 11:44:52,529 - INFO - 處理進度: 3/19 - data_27.csv
2025-08-21 11:44:52,529 - INFO - 開始處理檔案: data_27.csv
2025-08-21 11:44:52,531 - INFO - 檔案 data_27.csv 處理完成: 總計 5 行, 匯入 5 行, 跳過 0 行, 錯誤 0 行
2025-08-21 11:44:52,531 - INFO - 整體進度: 15.8%
2025-08-21 11:44:52,531 - INFO - 處理進度: 4/19 - data_326.csv
2025-08-21 11:44:52,531 - INFO - 開始處理檔案: data_326.csv
2025-08-21 11:44:52,534 - INFO - 檔案 data_326.csv 處理完成: 總計 1 行, 匯入 1 行, 跳過 0 行, 錯誤 0 行
2025-08-21 11:44:52,534 - INFO - 整體進度: 21.1%
2025-08-21 11:44:52,534 - INFO - 處理進度: 5/19 - data_525.csv
2025-08-21 11:44:52,534 - INFO - 開始處理檔案: data_525.csv
2025-08-21 11:44:52,537 - INFO - 檔案 data_525.csv 處理完成: 總計 1 行, 匯入 1 行, 跳過 0 行, 錯誤 0 行
2025-08-21 11:44:52,537 - INFO - 整體進度: 26.3%
2025-08-21 11:44:52,537 - INFO - 處理進度: 6/19 - data_529.csv
2025-08-21 11:44:52,537 - INFO - 開始處理檔案: data_529.csv
2025-08-21 11:44:52,540 - INFO - 檔案 data_529.csv 處理完成: 總計 1 行, 匯入 1 行, 跳過 0 行, 錯誤 0 行
2025-08-21 11:44:52,540 - INFO - 整體進度: 31.6%
2025-08-21 11:44:52,540 - INFO - 處理進度: 7/19 - data_531.csv
2025-08-21 11:44:52,540 - INFO - 開始處理檔案: data_531.csv
2025-08-21 11:44:52,543 - INFO - 檔案 data_531.csv 處理完成: 總計 1 行, 匯入 1 行, 跳過 0 行, 錯誤 0 行
2025-08-21 11:44:52,543 - INFO - 整體進度: 36.8%
2025-08-21 11:44:52,543 - INFO - 處理進度: 8/19 - data_656.csv
2025-08-21 11:44:52,543 - INFO - 開始處理檔案: data_656.csv
2025-08-21 11:44:52,546 - INFO - 檔案 data_656.csv 處理完成: 總計 1 行, 匯入 1 行, 跳過 0 行, 錯誤 0 行
2025-08-21 11:44:52,547 - INFO - 整體進度: 42.1%
2025-08-21 11:44:52,547 - INFO - 處理進度: 9/19 - data_728.csv
2025-08-21 11:44:52,547 - INFO - 開始處理檔案: data_728.csv
2025-08-21 11:44:52,549 - INFO - 檔案 data_728.csv 處理完成: 總計 1 行, 匯入 1 行, 跳過 0 行, 錯誤 0 行
2025-08-21 11:44:52,549 - INFO - 整體進度: 47.4%
2025-08-21 11:44:52,549 - INFO - 處理進度: 10/19 - data_819.csv
2025-08-21 11:44:52,549 - INFO - 開始處理檔案: data_819.csv
2025-08-21 11:44:52,552 - INFO - 檔案 data_819.csv 處理完成: 總計 1 行, 匯入 1 行, 跳過 0 行, 錯誤 0 行
2025-08-21 11:44:52,552 - INFO - 整體進度: 52.6%
2025-08-21 11:44:52,552 - INFO - 處理進度: 11/19 - data_829.csv
2025-08-21 11:44:52,552 - INFO - 開始處理檔案: data_829.csv
2025-08-21 11:44:52,555 - INFO - 檔案 data_829.csv 處理完成: 總計 1 行, 匯入 1 行, 跳過 0 行, 錯誤 0 行
2025-08-21 11:44:52,555 - INFO - 整體進度: 57.9%
2025-08-21 11:44:52,555 - INFO - 處理進度: 12/19 - data_8329.csv
2025-08-21 11:44:52,555 - INFO - 開始處理檔案: data_8329.csv
2025-08-21 11:44:52,558 - INFO - 檔案 data_8329.csv 處理完成: 總計 1 行, 匯入 1 行, 跳過 0 行, 錯誤 0 行
2025-08-21 11:44:52,558 - INFO - 整體進度: 63.2%
2025-08-21 11:44:52,558 - INFO - 處理進度: 13/19 - data_835.csv
2025-08-21 11:44:52,558 - INFO - 開始處理檔案: data_835.csv
2025-08-21 11:44:52,561 - INFO - 檔案 data_835.csv 處理完成: 總計 1 行, 匯入 1 行, 跳過 0 行, 錯誤 0 行
2025-08-21 11:44:52,562 - INFO - 整體進度: 68.4%
2025-08-21 11:44:52,562 - INFO - 處理進度: 14/19 - data_839.csv
2025-08-21 11:44:52,562 - INFO - 開始處理檔案: data_839.csv
2025-08-21 11:44:52,564 - INFO - 檔案 data_839.csv 處理完成: 總計 1 行, 匯入 1 行, 跳過 0 行, 錯誤 0 行
2025-08-21 11:44:52,565 - INFO - 整體進度: 73.7%
2025-08-21 11:44:52,565 - INFO - 處理進度: 15/19 - data_918.csv
2025-08-21 11:44:52,565 - INFO - 開始處理檔案: data_918.csv
2025-08-21 11:44:52,567 - INFO - 檔案 data_918.csv 處理完成: 總計 1 行, 匯入 1 行, 跳過 0 行, 錯誤 0 行
2025-08-21 11:44:52,567 - INFO - 整體進度: 78.9%
2025-08-21 11:44:52,567 - INFO - 處理進度: 16/19 - data_928.csv
2025-08-21 11:44:52,567 - INFO - 開始處理檔案: data_928.csv
2025-08-21 11:44:52,570 - INFO - 檔案 data_928.csv 處理完成: 總計 1 行, 匯入 1 行, 跳過 0 行, 錯誤 0 行
2025-08-21 11:44:52,570 - INFO - 整體進度: 84.2%
2025-08-21 11:44:52,570 - INFO - 處理進度: 17/19 - data_938.csv
2025-08-21 11:44:52,570 - INFO - 開始處理檔案: data_938.csv
2025-08-21 11:44:52,573 - INFO - 檔案 data_938.csv 處理完成: 總計 1 行, 匯入 1 行, 跳過 0 行, 錯誤 0 行
2025-08-21 11:44:52,573 - INFO - 整體進度: 89.5%
2025-08-21 11:44:52,573 - INFO - 處理進度: 18/19 - data_958.csv
2025-08-21 11:44:52,573 - INFO - 開始處理檔案: data_958.csv
2025-08-21 11:44:52,575 - INFO - 檔案 data_958.csv 處理完成: 總計 1 行, 匯入 1 行, 跳過 0 行, 錯誤 0 行
2025-08-21 11:44:52,575 - INFO - 整體進度: 94.7%
2025-08-21 11:44:52,576 - INFO - 處理進度: 19/19 - data_960.csv
2025-08-21 11:44:52,576 - INFO - 開始處理檔案: data_960.csv
2025-08-21 11:44:52,578 - INFO - 檔案 data_960.csv 處理完成: 總計 1 行, 匯入 1 行, 跳過 0 行, 錯誤 0 行
2025-08-21 11:44:52,578 - INFO - 整體進度: 100.0%
2025-08-21 11:44:52,578 - INFO - ============================================================
2025-08-21 11:44:52,578 - INFO - 匯入完成！總計結果:
2025-08-21 11:44:52,578 - INFO - 處理檔案數: 19
2025-08-21 11:44:52,578 - INFO - 總匯入筆數: 23
2025-08-21 11:44:52,579 - INFO - 總跳過筆數: 0
2025-08-21 11:44:52,579 - INFO - 總錯誤筆數: 0
2025-08-21 11:44:52,579 - INFO - ============================================================
2025-08-21 11:44:52,579 - INFO - 資料庫統計資訊:
2025-08-21 11:44:52,579 - INFO - 總記錄數: 23
2025-08-21 11:44:52,579 - INFO - 各型號記錄數:
2025-08-21 11:44:52,579 - INFO -   : 21 筆
2025-08-21 11:44:52,579 - INFO -   17: 1 筆
2025-08-21 11:44:52,579 - INFO -   531: 1 筆
2025-08-21 11:44:52,579 - INFO - 匯入作業完成！
2025-08-21 11:44:52,579 - INFO - 資料庫連接已關閉
